<?xml version="1.0" encoding="UTF-8"?>
<!-- Generated by org.testng.reporters.JUnitReportReporter -->
<testsuite hostname="DESKTOP-HRT9N47" failures="0" tests="1" name="com.qa.Testlayer.Card_DragDrop_Test" time="31.709" errors="0" timestamp="2022-09-21T12:09:44 IST" skipped="0">
  <testcase classname="com.qa.Testlayer.Card_DragDrop_Test" name="dragAndDrop" time="31.709"/>
  <system-out/>
</testsuite> <!-- com.qa.Testlayer.Card_DragDrop_Test -->
