<?xml version="1.0" encoding="UTF-8"?>
<!-- Generated by org.testng.reporters.JUnitReportReporter -->
<testsuite hostname="DESKTOP-HRT9N47" failures="0" tests="1" name="com.qa.Testlayer.Card_DragDrop_Test" time="29.846" errors="0" timestamp="2022-09-21T00:12:05 IST" skipped="0">
  <testcase classname="com.qa.Testlayer.Card_DragDrop_Test" name="loginpage" time="29.846"/>
  <system-out/>
</testsuite> <!-- com.qa.Testlayer.Card_DragDrop_Test -->
