<?xml version="1.0" encoding="UTF-8"?>
<!-- Generated by org.testng.reporters.JUnitReportReporter -->
<testsuite hostname="DESKTOP-HRT9N47" failures="0" tests="1" name="com.qa.Testlayer.Login_Page" time="18.087" errors="0" timestamp="2022-09-20T15:12:46 IST" skipped="0">
  <testcase classname="com.qa.Testlayer.Login_Page" name="Login" time="18.087"/>
  <system-out/>
</testsuite> <!-- com.qa.Testlayer.Login_Page -->
